[0.007s] Invoking command in '/home/akhmad/AKhmad_gaz_bot_ws/src/akhmad_bot/build/akhmad_bot': CMAKE_PREFIX_PATH=${CMAKE_PREFIX_PATH}:/opt/ros/foxy /usr/bin/cmake --build /home/akhmad/AKhmad_gaz_bot_ws/src/akhmad_bot/build/akhmad_bot -- -j12 -l12
[0.029s] Invoked command in '/home/akhmad/AKhmad_gaz_bot_ws/src/akhmad_bot/build/akhmad_bot' returned '0': CMAKE_PREFIX_PATH=${CMAKE_PREFIX_PATH}:/opt/ros/foxy /usr/bin/cmake --build /home/akhmad/AKhmad_gaz_bot_ws/src/akhmad_bot/build/akhmad_bot -- -j12 -l12
[0.038s] Invoking command in '/home/akhmad/AKhmad_gaz_bot_ws/src/akhmad_bot/build/akhmad_bot': CMAKE_PREFIX_PATH=${CMAKE_PREFIX_PATH}:/opt/ros/foxy /usr/bin/cmake --install /home/akhmad/AKhmad_gaz_bot_ws/src/akhmad_bot/build/akhmad_bot
[0.043s] -- Install configuration: ""
[0.043s] -- Execute custom install script
[0.045s] -- Up-to-date symlink: /home/akhmad/AKhmad_gaz_bot_ws/src/akhmad_bot/install/akhmad_bot/share/akhmad_bot/config/empty.yaml
[0.045s] -- Up-to-date symlink: /home/akhmad/AKhmad_gaz_bot_ws/src/akhmad_bot/install/akhmad_bot/share/akhmad_bot/config/view_of_bot.rviz
[0.045s] -- Up-to-date symlink: /home/akhmad/AKhmad_gaz_bot_ws/src/akhmad_bot/install/akhmad_bot/share/akhmad_bot/description/gazebo_control.xacro
[0.045s] -- Up-to-date symlink: /home/akhmad/AKhmad_gaz_bot_ws/src/akhmad_bot/install/akhmad_bot/share/akhmad_bot/description/inertial_macros.xacro
[0.045s] -- Up-to-date symlink: /home/akhmad/AKhmad_gaz_bot_ws/src/akhmad_bot/install/akhmad_bot/share/akhmad_bot/description/lidar.xacro
[0.045s] -- Up-to-date symlink: /home/akhmad/AKhmad_gaz_bot_ws/src/akhmad_bot/install/akhmad_bot/share/akhmad_bot/description/robot.urdf.xacro
[0.045s] -- Up-to-date symlink: /home/akhmad/AKhmad_gaz_bot_ws/src/akhmad_bot/install/akhmad_bot/share/akhmad_bot/description/robot_core.xacro
[0.045s] -- Up-to-date symlink: /home/akhmad/AKhmad_gaz_bot_ws/src/akhmad_bot/install/akhmad_bot/share/akhmad_bot/launch/launch_sim.launch.py
[0.045s] -- Up-to-date symlink: /home/akhmad/AKhmad_gaz_bot_ws/src/akhmad_bot/install/akhmad_bot/share/akhmad_bot/launch/rsp.launch.py
[0.046s] -- Up-to-date symlink: /home/akhmad/AKhmad_gaz_bot_ws/src/akhmad_bot/install/akhmad_bot/share/akhmad_bot/worlds/cool_world.world
[0.046s] -- Up-to-date symlink: /home/akhmad/AKhmad_gaz_bot_ws/src/akhmad_bot/install/akhmad_bot/share/akhmad_bot/worlds/empty.world
[0.046s] -- Up-to-date symlink: /home/akhmad/AKhmad_gaz_bot_ws/src/akhmad_bot/install/akhmad_bot/share/ament_index/resource_index/package_run_dependencies/akhmad_bot
[0.046s] -- Up-to-date symlink: /home/akhmad/AKhmad_gaz_bot_ws/src/akhmad_bot/install/akhmad_bot/share/ament_index/resource_index/parent_prefix_path/akhmad_bot
[0.046s] -- Up-to-date symlink: /home/akhmad/AKhmad_gaz_bot_ws/src/akhmad_bot/install/akhmad_bot/share/akhmad_bot/environment/ament_prefix_path.sh
[0.046s] -- Up-to-date symlink: /home/akhmad/AKhmad_gaz_bot_ws/src/akhmad_bot/install/akhmad_bot/share/akhmad_bot/environment/ament_prefix_path.dsv
[0.046s] -- Up-to-date symlink: /home/akhmad/AKhmad_gaz_bot_ws/src/akhmad_bot/install/akhmad_bot/share/akhmad_bot/environment/path.sh
[0.047s] -- Up-to-date symlink: /home/akhmad/AKhmad_gaz_bot_ws/src/akhmad_bot/install/akhmad_bot/share/akhmad_bot/environment/path.dsv
[0.047s] -- Up-to-date symlink: /home/akhmad/AKhmad_gaz_bot_ws/src/akhmad_bot/install/akhmad_bot/share/akhmad_bot/local_setup.bash
[0.047s] -- Up-to-date symlink: /home/akhmad/AKhmad_gaz_bot_ws/src/akhmad_bot/install/akhmad_bot/share/akhmad_bot/local_setup.sh
[0.047s] -- Up-to-date symlink: /home/akhmad/AKhmad_gaz_bot_ws/src/akhmad_bot/install/akhmad_bot/share/akhmad_bot/local_setup.zsh
[0.047s] -- Up-to-date symlink: /home/akhmad/AKhmad_gaz_bot_ws/src/akhmad_bot/install/akhmad_bot/share/akhmad_bot/local_setup.dsv
[0.047s] -- Symlinking: /home/akhmad/AKhmad_gaz_bot_ws/src/akhmad_bot/install/akhmad_bot/share/akhmad_bot/package.dsv
[0.052s] -- Up-to-date symlink: /home/akhmad/AKhmad_gaz_bot_ws/src/akhmad_bot/install/akhmad_bot/share/ament_index/resource_index/packages/akhmad_bot
[0.052s] -- Up-to-date symlink: /home/akhmad/AKhmad_gaz_bot_ws/src/akhmad_bot/install/akhmad_bot/share/akhmad_bot/cmake/akhmad_botConfig.cmake
[0.052s] -- Up-to-date symlink: /home/akhmad/AKhmad_gaz_bot_ws/src/akhmad_bot/install/akhmad_bot/share/akhmad_bot/cmake/akhmad_botConfig-version.cmake
[0.052s] -- Up-to-date symlink: /home/akhmad/AKhmad_gaz_bot_ws/src/akhmad_bot/install/akhmad_bot/share/akhmad_bot/package.xml
[0.054s] Invoked command in '/home/akhmad/AKhmad_gaz_bot_ws/src/akhmad_bot/build/akhmad_bot' returned '0': CMAKE_PREFIX_PATH=${CMAKE_PREFIX_PATH}:/opt/ros/foxy /usr/bin/cmake --install /home/akhmad/AKhmad_gaz_bot_ws/src/akhmad_bot/build/akhmad_bot
