[0.054s] Invoking command in '/home/akhmad/AKhmad_gaz_bot_ws/src/akhmad_bot/build/akhmad_bot': CMAKE_PREFIX_PATH=/home/akhmad/AKhmad_gaz_bot_ws/src/akhmad_bot/install/akhmad_bot:/opt/ros/foxy:/home/akhmad/ros_workspace/devel:/opt/ros/noetic /usr/bin/cmake /home/akhmad/AKhmad_gaz_bot_ws/src/akhmad_bot -DCMAKE_INSTALL_PREFIX=/home/akhmad/AKhmad_gaz_bot_ws/src/akhmad_bot/install/akhmad_bot
[0.064s] -- Found ament_cmake: 0.9.12 (/opt/ros/foxy/share/ament_cmake/cmake)
[0.083s] -- Using PYTHON_EXECUTABLE: /usr/bin/python3
[0.190s] -- Override CMake install command with custom implementation using symlinks instead of copying resources
[0.194s] -- Found ament_lint_auto: 0.9.8 (/opt/ros/foxy/share/ament_lint_auto/cmake)
[0.230s] -- Added test 'copyright' to check source files copyright and LICENSE
[0.237s] -- Added test 'cppcheck' to perform static code analysis on C / C++ code
[0.237s] -- Configured cppcheck include dirs: 
[0.237s] -- Configured cppcheck exclude dirs and/or files: 
[0.243s] -- Added test 'cpplint' to check C / C++ code against the Google style
[0.243s] -- Configured cpplint exclude dirs and/or files: 
[0.244s] -- Added test 'flake8' to check Python code syntax and style conventions
[0.246s] -- Added test 'lint_cmake' to check CMake code style
[0.247s] -- Added test 'pep257' to check Python code against some of the style conventions in PEP 257
[0.253s] -- Added test 'uncrustify' to check C / C++ code style
[0.253s] -- Configured uncrustify additional arguments: 
[0.254s] -- Added test 'xmllint' to check XML markup files
[0.255s] -- Configuring done
[0.256s] -- Generating done
[0.257s] -- Build files have been written to: /home/akhmad/AKhmad_gaz_bot_ws/src/akhmad_bot/build/akhmad_bot
[0.258s] Invoked command in '/home/akhmad/AKhmad_gaz_bot_ws/src/akhmad_bot/build/akhmad_bot' returned '0': CMAKE_PREFIX_PATH=/home/akhmad/AKhmad_gaz_bot_ws/src/akhmad_bot/install/akhmad_bot:/opt/ros/foxy:/home/akhmad/ros_workspace/devel:/opt/ros/noetic /usr/bin/cmake /home/akhmad/AKhmad_gaz_bot_ws/src/akhmad_bot -DCMAKE_INSTALL_PREFIX=/home/akhmad/AKhmad_gaz_bot_ws/src/akhmad_bot/install/akhmad_bot
[0.260s] Invoking command in '/home/akhmad/AKhmad_gaz_bot_ws/src/akhmad_bot/build/akhmad_bot': CMAKE_PREFIX_PATH=/home/akhmad/AKhmad_gaz_bot_ws/src/akhmad_bot/install/akhmad_bot:/opt/ros/foxy:/home/akhmad/ros_workspace/devel:/opt/ros/noetic /usr/bin/cmake --build /home/akhmad/AKhmad_gaz_bot_ws/src/akhmad_bot/build/akhmad_bot -- -j12 -l12
[0.281s] Invoked command in '/home/akhmad/AKhmad_gaz_bot_ws/src/akhmad_bot/build/akhmad_bot' returned '0': CMAKE_PREFIX_PATH=/home/akhmad/AKhmad_gaz_bot_ws/src/akhmad_bot/install/akhmad_bot:/opt/ros/foxy:/home/akhmad/ros_workspace/devel:/opt/ros/noetic /usr/bin/cmake --build /home/akhmad/AKhmad_gaz_bot_ws/src/akhmad_bot/build/akhmad_bot -- -j12 -l12
[0.288s] Invoking command in '/home/akhmad/AKhmad_gaz_bot_ws/src/akhmad_bot/build/akhmad_bot': CMAKE_PREFIX_PATH=/home/akhmad/AKhmad_gaz_bot_ws/src/akhmad_bot/install/akhmad_bot:/opt/ros/foxy:/home/akhmad/ros_workspace/devel:/opt/ros/noetic /usr/bin/cmake --install /home/akhmad/AKhmad_gaz_bot_ws/src/akhmad_bot/build/akhmad_bot
[0.295s] -- Install configuration: ""
[0.295s] -- Execute custom install script
[0.296s] -- Up-to-date symlink: /home/akhmad/AKhmad_gaz_bot_ws/src/akhmad_bot/install/akhmad_bot/share/akhmad_bot/config/empty.yaml
[0.296s] -- Up-to-date symlink: /home/akhmad/AKhmad_gaz_bot_ws/src/akhmad_bot/install/akhmad_bot/share/akhmad_bot/config/view_of_bot.rviz
[0.296s] -- Up-to-date symlink: /home/akhmad/AKhmad_gaz_bot_ws/src/akhmad_bot/install/akhmad_bot/share/akhmad_bot/description/gazebo_control.xacro
[0.296s] -- Up-to-date symlink: /home/akhmad/AKhmad_gaz_bot_ws/src/akhmad_bot/install/akhmad_bot/share/akhmad_bot/description/inertial_macros.xacro
[0.297s] -- Up-to-date symlink: /home/akhmad/AKhmad_gaz_bot_ws/src/akhmad_bot/install/akhmad_bot/share/akhmad_bot/description/robot.urdf.xacro
[0.297s] -- Up-to-date symlink: /home/akhmad/AKhmad_gaz_bot_ws/src/akhmad_bot/install/akhmad_bot/share/akhmad_bot/description/robot_core.xacro
[0.297s] -- Up-to-date symlink: /home/akhmad/AKhmad_gaz_bot_ws/src/akhmad_bot/install/akhmad_bot/share/akhmad_bot/launch/launch_sim.launch.py
[0.297s] -- Up-to-date symlink: /home/akhmad/AKhmad_gaz_bot_ws/src/akhmad_bot/install/akhmad_bot/share/akhmad_bot/launch/rsp.launch.py
[0.297s] -- Up-to-date symlink: /home/akhmad/AKhmad_gaz_bot_ws/src/akhmad_bot/install/akhmad_bot/share/akhmad_bot/worlds/empty.world
[0.297s] -- Up-to-date symlink: /home/akhmad/AKhmad_gaz_bot_ws/src/akhmad_bot/install/akhmad_bot/share/ament_index/resource_index/package_run_dependencies/akhmad_bot
[0.297s] -- Up-to-date symlink: /home/akhmad/AKhmad_gaz_bot_ws/src/akhmad_bot/install/akhmad_bot/share/ament_index/resource_index/parent_prefix_path/akhmad_bot
[0.298s] -- Up-to-date symlink: /home/akhmad/AKhmad_gaz_bot_ws/src/akhmad_bot/install/akhmad_bot/share/akhmad_bot/environment/ament_prefix_path.sh
[0.298s] -- Up-to-date symlink: /home/akhmad/AKhmad_gaz_bot_ws/src/akhmad_bot/install/akhmad_bot/share/akhmad_bot/environment/ament_prefix_path.dsv
[0.298s] -- Up-to-date symlink: /home/akhmad/AKhmad_gaz_bot_ws/src/akhmad_bot/install/akhmad_bot/share/akhmad_bot/environment/path.sh
[0.298s] -- Up-to-date symlink: /home/akhmad/AKhmad_gaz_bot_ws/src/akhmad_bot/install/akhmad_bot/share/akhmad_bot/environment/path.dsv
[0.298s] -- Up-to-date symlink: /home/akhmad/AKhmad_gaz_bot_ws/src/akhmad_bot/install/akhmad_bot/share/akhmad_bot/local_setup.bash
[0.298s] -- Up-to-date symlink: /home/akhmad/AKhmad_gaz_bot_ws/src/akhmad_bot/install/akhmad_bot/share/akhmad_bot/local_setup.sh
[0.298s] -- Up-to-date symlink: /home/akhmad/AKhmad_gaz_bot_ws/src/akhmad_bot/install/akhmad_bot/share/akhmad_bot/local_setup.zsh
[0.299s] -- Up-to-date symlink: /home/akhmad/AKhmad_gaz_bot_ws/src/akhmad_bot/install/akhmad_bot/share/akhmad_bot/local_setup.dsv
[0.299s] -- Symlinking: /home/akhmad/AKhmad_gaz_bot_ws/src/akhmad_bot/install/akhmad_bot/share/akhmad_bot/package.dsv
[0.305s] -- Up-to-date symlink: /home/akhmad/AKhmad_gaz_bot_ws/src/akhmad_bot/install/akhmad_bot/share/ament_index/resource_index/packages/akhmad_bot
[0.305s] -- Up-to-date symlink: /home/akhmad/AKhmad_gaz_bot_ws/src/akhmad_bot/install/akhmad_bot/share/akhmad_bot/cmake/akhmad_botConfig.cmake
[0.305s] -- Up-to-date symlink: /home/akhmad/AKhmad_gaz_bot_ws/src/akhmad_bot/install/akhmad_bot/share/akhmad_bot/cmake/akhmad_botConfig-version.cmake
[0.305s] -- Up-to-date symlink: /home/akhmad/AKhmad_gaz_bot_ws/src/akhmad_bot/install/akhmad_bot/share/akhmad_bot/package.xml
[0.307s] Invoked command in '/home/akhmad/AKhmad_gaz_bot_ws/src/akhmad_bot/build/akhmad_bot' returned '0': CMAKE_PREFIX_PATH=/home/akhmad/AKhmad_gaz_bot_ws/src/akhmad_bot/install/akhmad_bot:/opt/ros/foxy:/home/akhmad/ros_workspace/devel:/opt/ros/noetic /usr/bin/cmake --install /home/akhmad/AKhmad_gaz_bot_ws/src/akhmad_bot/build/akhmad_bot
