-- Install configuration: ""
-- Execute custom install script
-- Up-to-date symlink: /home/akhmad/AKhmad_gaz_bot_ws/src/akhmad_bot/install/akhmad_bot/share/akhmad_bot/config/empty.yaml
-- Up-to-date symlink: /home/akhmad/AKhmad_gaz_bot_ws/src/akhmad_bot/install/akhmad_bot/share/akhmad_bot/config/view_of_bot.rviz
-- Symlinking: /home/akhmad/AKhmad_gaz_bot_ws/src/akhmad_bot/install/akhmad_bot/share/akhmad_bot/description/gazebo_control.xacro
-- Up-to-date symlink: /home/akhmad/AKhmad_gaz_bot_ws/src/akhmad_bot/install/akhmad_bot/share/akhmad_bot/description/inertial_macros.xacro
-- Up-to-date symlink: /home/akhmad/AKhmad_gaz_bot_ws/src/akhmad_bot/install/akhmad_bot/share/akhmad_bot/description/robot.urdf.xacro
-- Up-to-date symlink: /home/akhmad/AKhmad_gaz_bot_ws/src/akhmad_bot/install/akhmad_bot/share/akhmad_bot/description/robot_core.xacro
-- Up-to-date symlink: /home/akhmad/AKhmad_gaz_bot_ws/src/akhmad_bot/install/akhmad_bot/share/akhmad_bot/launch/launch_sim.launch.py
-- Up-to-date symlink: /home/akhmad/AKhmad_gaz_bot_ws/src/akhmad_bot/install/akhmad_bot/share/akhmad_bot/launch/rsp.launch.py
-- Up-to-date symlink: /home/akhmad/AKhmad_gaz_bot_ws/src/akhmad_bot/install/akhmad_bot/share/akhmad_bot/worlds/empty.world
-- Up-to-date symlink: /home/akhmad/AKhmad_gaz_bot_ws/src/akhmad_bot/install/akhmad_bot/share/ament_index/resource_index/package_run_dependencies/akhmad_bot
-- Up-to-date symlink: /home/akhmad/AKhmad_gaz_bot_ws/src/akhmad_bot/install/akhmad_bot/share/ament_index/resource_index/parent_prefix_path/akhmad_bot
-- Up-to-date symlink: /home/akhmad/AKhmad_gaz_bot_ws/src/akhmad_bot/install/akhmad_bot/share/akhmad_bot/environment/ament_prefix_path.sh
-- Up-to-date symlink: /home/akhmad/AKhmad_gaz_bot_ws/src/akhmad_bot/install/akhmad_bot/share/akhmad_bot/environment/ament_prefix_path.dsv
-- Up-to-date symlink: /home/akhmad/AKhmad_gaz_bot_ws/src/akhmad_bot/install/akhmad_bot/share/akhmad_bot/environment/path.sh
-- Up-to-date symlink: /home/akhmad/AKhmad_gaz_bot_ws/src/akhmad_bot/install/akhmad_bot/share/akhmad_bot/environment/path.dsv
-- Up-to-date symlink: /home/akhmad/AKhmad_gaz_bot_ws/src/akhmad_bot/install/akhmad_bot/share/akhmad_bot/local_setup.bash
-- Up-to-date symlink: /home/akhmad/AKhmad_gaz_bot_ws/src/akhmad_bot/install/akhmad_bot/share/akhmad_bot/local_setup.sh
-- Up-to-date symlink: /home/akhmad/AKhmad_gaz_bot_ws/src/akhmad_bot/install/akhmad_bot/share/akhmad_bot/local_setup.zsh
-- Up-to-date symlink: /home/akhmad/AKhmad_gaz_bot_ws/src/akhmad_bot/install/akhmad_bot/share/akhmad_bot/local_setup.dsv
-- Symlinking: /home/akhmad/AKhmad_gaz_bot_ws/src/akhmad_bot/install/akhmad_bot/share/akhmad_bot/package.dsv
-- Up-to-date symlink: /home/akhmad/AKhmad_gaz_bot_ws/src/akhmad_bot/install/akhmad_bot/share/ament_index/resource_index/packages/akhmad_bot
-- Up-to-date symlink: /home/akhmad/AKhmad_gaz_bot_ws/src/akhmad_bot/install/akhmad_bot/share/akhmad_bot/cmake/akhmad_botConfig.cmake
-- Up-to-date symlink: /home/akhmad/AKhmad_gaz_bot_ws/src/akhmad_bot/install/akhmad_bot/share/akhmad_bot/cmake/akhmad_botConfig-version.cmake
-- Up-to-date symlink: /home/akhmad/AKhmad_gaz_bot_ws/src/akhmad_bot/install/akhmad_bot/share/akhmad_bot/package.xml
